# JRE version: Java(TM) SE Runtime Environment (8.0_333-b02) (build 1.8.0_333-b02)
# Java VM: Java HotSpot(TM) 64-Bit Server VM (25.333-b02 mixed mode windows-amd64 compressed oops)
Heap:
 PSYoungGen      total 202752K, used 90355K [0x00000000d6580000, 0x00000000e3d00000, 0x0000000100000000)
  eden space 189952K, 45% used [0x00000000d6580000,0x00000000db96ce68,0x00000000e1f00000)
  from space 12800K, 34% used [0x00000000e1f00000,0x00000000e2350090,0x00000000e2b80000)
  to   space 12800K, 0% used [0x00000000e3080000,0x00000000e3080000,0x00000000e3d00000)
 ParOldGen       total 141824K, used 24694K [0x0000000083000000, 0x000000008ba80000, 0x00000000d6580000)
  object space 141824K, 17% used [0x0000000083000000,0x000000008481dbe8,0x000000008ba80000)
 Metaspace       used 65458K, capacity 69200K, committed 69504K, reserved 1110016K
  class space    used 8427K, capacity 9025K, committed 9088K, reserved 1048576K
GC Heap History (10 events):
Event: 57.169 GC heap before
{Heap before GC invocations=16 (full 3):
 PSYoungGen      total 182272K, used 172864K [0x00000000d6580000, 0x00000000e2900000, 0x0000000100000000)
  eden space 168960K, 100% used [0x00000000d6580000,0x00000000e0a80000,0x00000000e0a80000)
  from space 13312K, 29% used [0x00000000e1780000,0x00000000e1b50090,0x00000000e2480000)
  to   space 13312K, 0% used [0x00000000e0a80000,0x00000000e0a80000,0x00000000e1780000)
 ParOldGen       total 141824K, used 24654K [0x0000000083000000, 0x000000008ba80000, 0x00000000d6580000)
  object space 141824K, 17% used [0x0000000083000000,0x0000000084813be8,0x000000008ba80000)
 Metaspace       used 65004K, capacity 68722K, committed 68864K, reserved 1110016K
  class space    used 8358K, capacity 8954K, committed 8960K, reserved 1048576K
Event: 57.177 GC heap after
Heap after GC invocations=16 (full 3):
 PSYoungGen      total 182272K, used 3984K [0x00000000d6580000, 0x00000000e3280000, 0x0000000100000000)
  eden space 168960K, 0% used [0x00000000d6580000,0x00000000d6580000,0x00000000e0a80000)
  from space 13312K, 29% used [0x00000000e0a80000,0x00000000e0e64040,0x00000000e1780000)
  to   space 13312K, 0% used [0x00000000e2580000,0x00000000e2580000,0x00000000e3280000)
 ParOldGen       total 141824K, used 24662K [0x0000000083000000, 0x000000008ba80000, 0x00000000d6580000)
  object space 141824K, 17% used [0x0000000083000000,0x0000000084815be8,0x000000008ba80000)
 Metaspace       used 65004K, capacity 68722K, committed 68864K, reserved 1110016K
  class space    used 8358K, capacity 8954K, committed 8960K, reserved 1048576K
}
Event: 64.820 GC heap before
{Heap before GC invocations=17 (full 3):
 PSYoungGen      total 182272K, used 172944K [0x00000000d6580000, 0x00000000e3280000, 0x0000000100000000)
  eden space 168960K, 100% used [0x00000000d6580000,0x00000000e0a80000,0x00000000e0a80000)
  from space 13312K, 29% used [0x00000000e0a80000,0x00000000e0e64040,0x00000000e1780000)
  to   space 13312K, 0% used [0x00000000e2580000,0x00000000e2580000,0x00000000e3280000)
 ParOldGen       total 141824K, used 24662K [0x0000000083000000, 0x000000008ba80000, 0x00000000d6580000)
  object space 141824K, 17% used [0x0000000083000000,0x0000000084815be8,0x000000008ba80000)
 Metaspace       used 65010K, capacity 68722K, committed 68864K, reserved 1110016K
  class space    used 8360K, capacity 8954K, committed 8960K, reserved 1048576K
Event: 64.829 GC heap after
Heap after GC invocations=17 (full 3):
 PSYoungGen      total 192512K, used 3952K [0x00000000d6580000, 0x00000000e3080000, 0x0000000100000000)
  eden space 181248K, 0% used [0x00000000d6580000,0x00000000d6580000,0x00000000e1680000)
  from space 11264K, 35% used [0x00000000e2580000,0x00000000e295c060,0x00000000e3080000)
  to   space 13312K, 0% used [0x00000000e1680000,0x00000000e1680000,0x00000000e2380000)
 ParOldGen       total 141824K, used 24670K [0x0000000083000000, 0x000000008ba80000, 0x00000000d6580000)
  object space 141824K, 17% used [0x0000000083000000,0x0000000084817be8,0x000000008ba80000)
 Metaspace       used 65010K, capacity 68722K, committed 68864K, reserved 1110016K
  class space    used 8360K, capacity 8954K, committed 8960K, reserved 1048576K
}
Event: 72.995 GC heap before
{Heap before GC invocations=18 (full 3):
 PSYoungGen      total 192512K, used 185200K [0x00000000d6580000, 0x00000000e3080000, 0x0000000100000000)
  eden space 181248K, 100% used [0x00000000d6580000,0x00000000e1680000,0x00000000e1680000)
  from space 11264K, 35% used [0x00000000e2580000,0x00000000e295c060,0x00000000e3080000)
  to   space 13312K, 0% used [0x00000000e1680000,0x00000000e1680000,0x00000000e2380000)
 ParOldGen       total 141824K, used 24670K [0x0000000083000000, 0x000000008ba80000, 0x00000000d6580000)
  object space 141824K, 17% used [0x0000000083000000,0x0000000084817be8,0x000000008ba80000)
 Metaspace       used 65032K, capacity 68722K, committed 68864K, reserved 1110016K
  class space    used 8364K, capacity 8954K, committed 8960K, reserved 1048576K
Event: 73.003 GC heap after
Heap after GC invocations=18 (full 3):
 PSYoungGen      total 194560K, used 4032K [0x00000000d6580000, 0x00000000e3b00000, 0x0000000100000000)
  eden space 181248K, 0% used [0x00000000d6580000,0x00000000d6580000,0x00000000e1680000)
  from space 13312K, 30% used [0x00000000e1680000,0x00000000e1a70050,0x00000000e2380000)
  to   space 13312K, 0% used [0x00000000e2e00000,0x00000000e2e00000,0x00000000e3b00000)
 ParOldGen       total 141824K, used 24678K [0x0000000083000000, 0x000000008ba80000, 0x00000000d6580000)
  object space 141824K, 17% used [0x0000000083000000,0x0000000084819be8,0x000000008ba80000)
 Metaspace       used 65032K, capacity 68722K, committed 68864K, reserved 1110016K
  class space    used 8364K, capacity 8954K, committed 8960K, reserved 1048576K
}
Event: 83.141 GC heap before
{Heap before GC invocations=19 (full 3):
 PSYoungGen      total 194560K, used 185280K [0x00000000d6580000, 0x00000000e3b00000, 0x0000000100000000)
  eden space 181248K, 100% used [0x00000000d6580000,0x00000000e1680000,0x00000000e1680000)
  from space 13312K, 30% used [0x00000000e1680000,0x00000000e1a70050,0x00000000e2380000)
  to   space 13312K, 0% used [0x00000000e2e00000,0x00000000e2e00000,0x00000000e3b00000)
 ParOldGen       total 141824K, used 24678K [0x0000000083000000, 0x000000008ba80000, 0x00000000d6580000)
  object space 141824K, 17% used [0x0000000083000000,0x0000000084819be8,0x000000008ba80000)
 Metaspace       used 65045K, capacity 68754K, committed 68992K, reserved 1110016K
  class space    used 8366K, capacity 8986K, committed 9088K, reserved 1048576K
Event: 83.148 GC heap after
Heap after GC invocations=19 (full 3):
 PSYoungGen      total 200192K, used 4000K [0x00000000d6580000, 0x00000000e3800000, 0x0000000100000000)
  eden space 189952K, 0% used [0x00000000d6580000,0x00000000d6580000,0x00000000e1f00000)
  from space 10240K, 39% used [0x00000000e2e00000,0x00000000e31e8050,0x00000000e3800000)
  to   space 12800K, 0% used [0x00000000e1f00000,0x00000000e1f00000,0x00000000e2b80000)
 ParOldGen       total 141824K, used 24686K [0x0000000083000000, 0x000000008ba80000, 0x00000000d6580000)
  object space 141824K, 17% used [0x0000000083000000,0x000000008481bbe8,0x000000008ba80000)
 Metaspace       used 65045K, capacity 68754K, committed 68992K, reserved 1110016K
  class space    used 8366K, capacity 8986K, committed 9088K, reserved 1048576K
}
Event: 92.267 GC heap before
{Heap before GC invocations=20 (full 3):
 PSYoungGen      total 200192K, used 193952K [0x00000000d6580000, 0x00000000e3800000, 0x0000000100000000)
  eden space 189952K, 100% used [0x00000000d6580000,0x00000000e1f00000,0x00000000e1f00000)
  from space 10240K, 39% used [0x00000000e2e00000,0x00000000e31e8050,0x00000000e3800000)
  to   space 12800K, 0% used [0x00000000e1f00000,0x00000000e1f00000,0x00000000e2b80000)
 ParOldGen       total 141824K, used 24686K [0x0000000083000000, 0x000000008ba80000, 0x00000000d6580000)
  object space 141824K, 17% used [0x0000000083000000,0x000000008481bbe8,0x000000008ba80000)
 Metaspace       used 65457K, capacity 69200K, committed 69504K, reserved 1110016K
  class space    used 8427K, capacity 9025K, committed 9088K, reserved 1048576K
Event: 92.274 GC heap after
Heap after GC invocations=20 (full 3):
 PSYoungGen      total 202752K, used 4416K [0x00000000d6580000, 0x00000000e3d00000, 0x0000000100000000)
  eden space 189952K, 0% used [0x00000000d6580000,0x00000000d6580000,0x00000000e1f00000)
  from space 12800K, 34% used [0x00000000e1f00000,0x00000000e2350090,0x00000000e2b80000)
  to   space 12800K, 0% used [0x00000000e3080000,0x00000000e3080000,0x00000000e3d00000)
 ParOldGen       total 141824K, used 24694K [0x0000000083000000, 0x000000008ba80000, 0x00000000d6580000)
  object space 141824K, 17% used [0x0000000083000000,0x000000008481dbe8,0x000000008ba80000)
 Metaspace       used 65457K, capacity 69200K, committed 69504K, reserved 1110016K
  class space    used 8427K, capacity 9025K, committed 9088K, reserved 1048576K
}

